C:\Users\Yoann\workspace\Programmation par composants\OptionPricer\PricingService\x64\Debug\cl.command.1.tlog
C:\Users\Yoann\workspace\Programmation par composants\OptionPricer\PricingService\x64\Debug\CL.read.1.tlog
C:\Users\Yoann\workspace\Programmation par composants\OptionPricer\PricingService\x64\Debug\CL.write.1.tlog
C:\USERS\YOANN\WORKSPACE\PROGRAMMATION PAR COMPOSANTS\OPTIONPRICER\PRICINGSERVICE\X64\DEBUG\DLLMAIN.OBJ
C:\Users\Yoann\workspace\Programmation par composants\OptionPricer\PricingService\x64\Debug\link.2240.read.1.tlog
C:\Users\Yoann\workspace\Programmation par composants\OptionPricer\PricingService\x64\Debug\link.2240.write.1.tlog
C:\Users\Yoann\workspace\Programmation par composants\OptionPricer\PricingService\x64\Debug\link.2240-cvtres.read.1.tlog
C:\Users\Yoann\workspace\Programmation par composants\OptionPricer\PricingService\x64\Debug\link.2240-cvtres.write.1.tlog
C:\Users\Yoann\workspace\Programmation par composants\OptionPricer\PricingService\x64\Debug\link.6416.read.1.tlog
C:\Users\Yoann\workspace\Programmation par composants\OptionPricer\PricingService\x64\Debug\link.6416.write.1.tlog
C:\Users\Yoann\workspace\Programmation par composants\OptionPricer\PricingService\x64\Debug\link.6416-cvtres.read.1.tlog
C:\Users\Yoann\workspace\Programmation par composants\OptionPricer\PricingService\x64\Debug\link.6416-cvtres.write.1.tlog
C:\Users\Yoann\workspace\Programmation par composants\OptionPricer\PricingService\x64\Debug\link.command.1.tlog
C:\Users\Yoann\workspace\Programmation par composants\OptionPricer\PricingService\x64\Debug\link.read.1.tlog
C:\Users\Yoann\workspace\Programmation par composants\OptionPricer\PricingService\x64\Debug\link.write.1.tlog
C:\Users\Yoann\workspace\Programmation par composants\OptionPricer\PricingService\x64\Debug\link-cvtres.read.1.tlog
C:\Users\Yoann\workspace\Programmation par composants\OptionPricer\PricingService\x64\Debug\link-cvtres.write.1.tlog
C:\Users\Yoann\workspace\Programmation par composants\OptionPricer\PricingService\x64\Debug\mt.command.1.tlog
C:\Users\Yoann\workspace\Programmation par composants\OptionPricer\PricingService\x64\Debug\mt.read.1.tlog
C:\Users\Yoann\workspace\Programmation par composants\OptionPricer\PricingService\x64\Debug\mt.write.1.tlog
C:\USERS\YOANN\WORKSPACE\PROGRAMMATION PAR COMPOSANTS\OPTIONPRICER\PRICINGSERVICE\X64\DEBUG\PRICINGSERVICE.DLL.EMBED.MANIFEST
C:\USERS\YOANN\WORKSPACE\PROGRAMMATION PAR COMPOSANTS\OPTIONPRICER\PRICINGSERVICE\X64\DEBUG\PRICINGSERVICE.DLL.EMBED.MANIFEST.RES
C:\USERS\YOANN\WORKSPACE\PROGRAMMATION PAR COMPOSANTS\OPTIONPRICER\PRICINGSERVICE\X64\DEBUG\PRICINGSERVICE.DLL.INTERMEDIATE.MANIFEST
C:\USERS\YOANN\WORKSPACE\PROGRAMMATION PAR COMPOSANTS\OPTIONPRICER\PRICINGSERVICE\X64\DEBUG\PRICINGSERVICE.PCH
C:\Users\Yoann\workspace\Programmation par composants\OptionPricer\PricingService\x64\Debug\PricingService.write.1.tlog
C:\Users\Yoann\workspace\Programmation par composants\OptionPricer\PricingService\x64\Debug\PricingService_manifest.rc
C:\USERS\YOANN\WORKSPACE\PROGRAMMATION PAR COMPOSANTS\OPTIONPRICER\PRICINGSERVICE\X64\DEBUG\PRINCINGSERVICE.OBJ
C:\Users\Yoann\workspace\Programmation par composants\OptionPricer\PricingService\x64\Debug\rc.command.1.tlog
C:\Users\Yoann\workspace\Programmation par composants\OptionPricer\PricingService\x64\Debug\rc.read.1.tlog
C:\Users\Yoann\workspace\Programmation par composants\OptionPricer\PricingService\x64\Debug\rc.write.1.tlog
C:\USERS\YOANN\WORKSPACE\PROGRAMMATION PAR COMPOSANTS\OPTIONPRICER\PRICINGSERVICE\X64\DEBUG\STDAFX.OBJ
C:\Users\Yoann\workspace\Programmation par composants\OptionPricer\PricingService\x64\Debug\vc100.idb
C:\USERS\YOANN\WORKSPACE\PROGRAMMATION PAR COMPOSANTS\OPTIONPRICER\PRICINGSERVICE\X64\DEBUG\VC100.PDB
C:\USERS\YOANN\WORKSPACE\PROGRAMMATION PAR COMPOSANTS\OPTIONPRICER\X64\DEBUG\PRICINGSERVICE.DLL
C:\Users\Yoann\workspace\Programmation par composants\OptionPricer\x64\Debug\PricingService.exp
C:\USERS\YOANN\WORKSPACE\PROGRAMMATION PAR COMPOSANTS\OPTIONPRICER\X64\DEBUG\PRICINGSERVICE.ILK
C:\Users\Yoann\workspace\Programmation par composants\OptionPricer\x64\Debug\PricingService.lib
C:\USERS\YOANN\WORKSPACE\PROGRAMMATION PAR COMPOSANTS\OPTIONPRICER\X64\DEBUG\PRICINGSERVICE.PDB
