C:\Users\Yoann\workspace\Programmation par composants\OptionPricer\QuantModelService\x64\Debug\cl.command.1.tlog
C:\Users\Yoann\workspace\Programmation par composants\OptionPricer\QuantModelService\x64\Debug\CL.read.1.tlog
C:\Users\Yoann\workspace\Programmation par composants\OptionPricer\QuantModelService\x64\Debug\CL.write.1.tlog
C:\USERS\YOANN\WORKSPACE\PROGRAMMATION PAR COMPOSANTS\OPTIONPRICER\QUANTMODELSERVICE\X64\DEBUG\DLLMAIN.OBJ
C:\Users\Yoann\workspace\Programmation par composants\OptionPricer\QuantModelService\x64\Debug\link.4308.read.1.tlog
C:\Users\Yoann\workspace\Programmation par composants\OptionPricer\QuantModelService\x64\Debug\link.4308.write.1.tlog
C:\Users\Yoann\workspace\Programmation par composants\OptionPricer\QuantModelService\x64\Debug\link.4308-cvtres.read.1.tlog
C:\Users\Yoann\workspace\Programmation par composants\OptionPricer\QuantModelService\x64\Debug\link.4308-cvtres.write.1.tlog
C:\Users\Yoann\workspace\Programmation par composants\OptionPricer\QuantModelService\x64\Debug\link.4704.read.1.tlog
C:\Users\Yoann\workspace\Programmation par composants\OptionPricer\QuantModelService\x64\Debug\link.4704.write.1.tlog
C:\Users\Yoann\workspace\Programmation par composants\OptionPricer\QuantModelService\x64\Debug\link.4704-cvtres.read.1.tlog
C:\Users\Yoann\workspace\Programmation par composants\OptionPricer\QuantModelService\x64\Debug\link.4704-cvtres.write.1.tlog
C:\Users\Yoann\workspace\Programmation par composants\OptionPricer\QuantModelService\x64\Debug\link.command.1.tlog
C:\Users\Yoann\workspace\Programmation par composants\OptionPricer\QuantModelService\x64\Debug\link.read.1.tlog
C:\Users\Yoann\workspace\Programmation par composants\OptionPricer\QuantModelService\x64\Debug\link.write.1.tlog
C:\Users\Yoann\workspace\Programmation par composants\OptionPricer\QuantModelService\x64\Debug\link-cvtres.read.1.tlog
C:\Users\Yoann\workspace\Programmation par composants\OptionPricer\QuantModelService\x64\Debug\link-cvtres.write.1.tlog
C:\Users\Yoann\workspace\Programmation par composants\OptionPricer\QuantModelService\x64\Debug\mt.command.1.tlog
C:\Users\Yoann\workspace\Programmation par composants\OptionPricer\QuantModelService\x64\Debug\mt.read.1.tlog
C:\Users\Yoann\workspace\Programmation par composants\OptionPricer\QuantModelService\x64\Debug\mt.write.1.tlog
C:\USERS\YOANN\WORKSPACE\PROGRAMMATION PAR COMPOSANTS\OPTIONPRICER\QUANTMODELSERVICE\X64\DEBUG\QUANTMODELSERVICE.DLL.EMBED.MANIFEST
C:\USERS\YOANN\WORKSPACE\PROGRAMMATION PAR COMPOSANTS\OPTIONPRICER\QUANTMODELSERVICE\X64\DEBUG\QUANTMODELSERVICE.DLL.EMBED.MANIFEST.RES
C:\USERS\YOANN\WORKSPACE\PROGRAMMATION PAR COMPOSANTS\OPTIONPRICER\QUANTMODELSERVICE\X64\DEBUG\QUANTMODELSERVICE.DLL.INTERMEDIATE.MANIFEST
C:\USERS\YOANN\WORKSPACE\PROGRAMMATION PAR COMPOSANTS\OPTIONPRICER\QUANTMODELSERVICE\X64\DEBUG\QUANTMODELSERVICE.OBJ
C:\USERS\YOANN\WORKSPACE\PROGRAMMATION PAR COMPOSANTS\OPTIONPRICER\QUANTMODELSERVICE\X64\DEBUG\QUANTMODELSERVICE.PCH
C:\Users\Yoann\workspace\Programmation par composants\OptionPricer\QuantModelService\x64\Debug\QuantModelService.vcxprojResolveAssemblyReference.cache
C:\Users\Yoann\workspace\Programmation par composants\OptionPricer\QuantModelService\x64\Debug\QuantModelService.write.1.tlog
C:\Users\Yoann\workspace\Programmation par composants\OptionPricer\QuantModelService\x64\Debug\QuantModelService_manifest.rc
C:\Users\Yoann\workspace\Programmation par composants\OptionPricer\QuantModelService\x64\Debug\rc.command.1.tlog
C:\Users\Yoann\workspace\Programmation par composants\OptionPricer\QuantModelService\x64\Debug\rc.read.1.tlog
C:\Users\Yoann\workspace\Programmation par composants\OptionPricer\QuantModelService\x64\Debug\rc.write.1.tlog
C:\USERS\YOANN\WORKSPACE\PROGRAMMATION PAR COMPOSANTS\OPTIONPRICER\QUANTMODELSERVICE\X64\DEBUG\STDAFX.OBJ
C:\Users\Yoann\workspace\Programmation par composants\OptionPricer\QuantModelService\x64\Debug\vc100.idb
C:\USERS\YOANN\WORKSPACE\PROGRAMMATION PAR COMPOSANTS\OPTIONPRICER\QUANTMODELSERVICE\X64\DEBUG\VC100.PDB
C:\USERS\YOANN\WORKSPACE\PROGRAMMATION PAR COMPOSANTS\OPTIONPRICER\X64\DEBUG\QUANTMODELSERVICE.DLL
C:\Users\Yoann\workspace\Programmation par composants\OptionPricer\x64\Debug\QuantModelService.exp
C:\USERS\YOANN\WORKSPACE\PROGRAMMATION PAR COMPOSANTS\OPTIONPRICER\X64\DEBUG\QUANTMODELSERVICE.ILK
C:\Users\Yoann\workspace\Programmation par composants\OptionPricer\x64\Debug\QuantModelService.lib
C:\USERS\YOANN\WORKSPACE\PROGRAMMATION PAR COMPOSANTS\OPTIONPRICER\X64\DEBUG\QUANTMODELSERVICE.PDB
