Build started 10/05/2015 23:56:43.
     1>Project "C:\Users\Yoann\workspace\Programmation par composants\OptionPricer\QuantModelService\QuantModelService.vcxproj" on node 2 (build target(s)).
     1>InitializeBuildStatus:
         Creating "x64\Debug\QuantModelService.unsuccessfulbuild" because "AlwaysCreate" was specified.
       ClCompile:
         All outputs are up-to-date.
         All outputs are up-to-date.
         c:\Program Files (x86)\Microsoft Visual Studio 10.0\VC\bin\x86_amd64\CL.exe /c /Zi /nologo /W3 /WX- /Od /D WIN32 /D _DEBUG /D _WINDOWS /D _USRDLL /D QUANTMODELSERVICE_EXPORTS /D _WINDLL /D _UNICODE /D UNICODE /Gm /EHsc /RTC1 /MDd /GS /fp:precise /Zc:wchar_t /Zc:forScope /Yu"StdAfx.h" /Fp"x64\Debug\QuantModelService.pch" /Fo"x64\Debug\\" /Fd"x64\Debug\vc100.pdb" /Gd /TP /errorReport:prompt QuantModelService.cpp
         QuantModelService.cpp
       ManifestResourceCompile:
         All outputs are up-to-date.
       Link:
         c:\Program Files (x86)\Microsoft Visual Studio 10.0\VC\bin\x86_amd64\link.exe /ERRORREPORT:PROMPT /OUT:"C:\Users\Yoann\workspace\Programmation par composants\OptionPricer\x64\Debug\QuantModelService.dll" /INCREMENTAL /NOLOGO kernel32.lib user32.lib gdi32.lib winspool.lib comdlg32.lib advapi32.lib shell32.lib ole32.lib oleaut32.lib uuid.lib odbc32.lib odbccp32.lib /MANIFEST /ManifestFile:"x64\Debug\QuantModelService.dll.intermediate.manifest" /MANIFESTUAC:"level='asInvoker' uiAccess='false'" /DEBUG /PDB:"C:\Users\Yoann\workspace\Programmation par composants\OptionPricer\x64\Debug\QuantModelService.pdb" /SUBSYSTEM:WINDOWS /TLBID:1 /DYNAMICBASE /NXCOMPAT /IMPLIB:"C:\Users\Yoann\workspace\Programmation par composants\OptionPricer\x64\Debug\QuantModelService.lib" /MACHINE:X64 /DLL x64\Debug\QuantModelService.dll.embed.manifest.res
         x64\Debug\dllmain.obj
         x64\Debug\QuantModelService.obj
         x64\Debug\stdafx.obj
         QuantModelService.vcxproj -> C:\Users\Yoann\workspace\Programmation par composants\OptionPricer\x64\Debug\QuantModelService.dll
       Manifest:
         C:\Program Files (x86)\Microsoft SDKs\Windows\v7.0A\bin\mt.exe /nologo /verbose /out:"x64\Debug\QuantModelService.dll.embed.manifest" /manifest x64\Debug\QuantModelService.dll.intermediate.manifest
         All outputs are up-to-date.
       LinkEmbedManifest:
         All outputs are up-to-date.
         QuantModelService.vcxproj -> C:\Users\Yoann\workspace\Programmation par composants\OptionPricer\x64\Debug\QuantModelService.dll
       FinalizeBuildStatus:
         Deleting file "x64\Debug\QuantModelService.unsuccessfulbuild".
         Touching "x64\Debug\QuantModelService.lastbuildstate".
     1>Done Building Project "C:\Users\Yoann\workspace\Programmation par composants\OptionPricer\QuantModelService\QuantModelService.vcxproj" (build target(s)).

Build succeeded.

Time Elapsed 00:00:05.19
