C:\Users\Yoann\workspace\Programmation par composants\OptionPricer\MarketDataService\x64\Debug\cl.command.1.tlog
C:\Users\Yoann\workspace\Programmation par composants\OptionPricer\MarketDataService\x64\Debug\CL.read.1.tlog
C:\Users\Yoann\workspace\Programmation par composants\OptionPricer\MarketDataService\x64\Debug\CL.write.1.tlog
C:\USERS\YOANN\WORKSPACE\PROGRAMMATION PAR COMPOSANTS\OPTIONPRICER\MARKETDATASERVICE\X64\DEBUG\DLLMAIN.OBJ
C:\Users\Yoann\workspace\Programmation par composants\OptionPricer\MarketDataService\x64\Debug\link.2400.read.1.tlog
C:\Users\Yoann\workspace\Programmation par composants\OptionPricer\MarketDataService\x64\Debug\link.2400.write.1.tlog
C:\Users\Yoann\workspace\Programmation par composants\OptionPricer\MarketDataService\x64\Debug\link.2400-cvtres.read.1.tlog
C:\Users\Yoann\workspace\Programmation par composants\OptionPricer\MarketDataService\x64\Debug\link.2400-cvtres.write.1.tlog
C:\Users\Yoann\workspace\Programmation par composants\OptionPricer\MarketDataService\x64\Debug\link.3984.read.1.tlog
C:\Users\Yoann\workspace\Programmation par composants\OptionPricer\MarketDataService\x64\Debug\link.3984.write.1.tlog
C:\Users\Yoann\workspace\Programmation par composants\OptionPricer\MarketDataService\x64\Debug\link.3984-cvtres.read.1.tlog
C:\Users\Yoann\workspace\Programmation par composants\OptionPricer\MarketDataService\x64\Debug\link.3984-cvtres.write.1.tlog
C:\Users\Yoann\workspace\Programmation par composants\OptionPricer\MarketDataService\x64\Debug\link.4060.read.1.tlog
C:\Users\Yoann\workspace\Programmation par composants\OptionPricer\MarketDataService\x64\Debug\link.4060.write.1.tlog
C:\Users\Yoann\workspace\Programmation par composants\OptionPricer\MarketDataService\x64\Debug\link.4060-cvtres.read.1.tlog
C:\Users\Yoann\workspace\Programmation par composants\OptionPricer\MarketDataService\x64\Debug\link.4060-cvtres.write.1.tlog
C:\Users\Yoann\workspace\Programmation par composants\OptionPricer\MarketDataService\x64\Debug\link.4088.read.1.tlog
C:\Users\Yoann\workspace\Programmation par composants\OptionPricer\MarketDataService\x64\Debug\link.4088.write.1.tlog
C:\Users\Yoann\workspace\Programmation par composants\OptionPricer\MarketDataService\x64\Debug\link.4088-cvtres.read.1.tlog
C:\Users\Yoann\workspace\Programmation par composants\OptionPricer\MarketDataService\x64\Debug\link.4088-cvtres.write.1.tlog
C:\Users\Yoann\workspace\Programmation par composants\OptionPricer\MarketDataService\x64\Debug\link.4364.read.1.tlog
C:\Users\Yoann\workspace\Programmation par composants\OptionPricer\MarketDataService\x64\Debug\link.4364.write.1.tlog
C:\Users\Yoann\workspace\Programmation par composants\OptionPricer\MarketDataService\x64\Debug\link.4364-cvtres.read.1.tlog
C:\Users\Yoann\workspace\Programmation par composants\OptionPricer\MarketDataService\x64\Debug\link.4364-cvtres.write.1.tlog
C:\Users\Yoann\workspace\Programmation par composants\OptionPricer\MarketDataService\x64\Debug\link.6364.read.1.tlog
C:\Users\Yoann\workspace\Programmation par composants\OptionPricer\MarketDataService\x64\Debug\link.6364.write.1.tlog
C:\Users\Yoann\workspace\Programmation par composants\OptionPricer\MarketDataService\x64\Debug\link.6364-cvtres.read.1.tlog
C:\Users\Yoann\workspace\Programmation par composants\OptionPricer\MarketDataService\x64\Debug\link.6364-cvtres.write.1.tlog
C:\Users\Yoann\workspace\Programmation par composants\OptionPricer\MarketDataService\x64\Debug\link.6376.read.1.tlog
C:\Users\Yoann\workspace\Programmation par composants\OptionPricer\MarketDataService\x64\Debug\link.6376.write.1.tlog
C:\Users\Yoann\workspace\Programmation par composants\OptionPricer\MarketDataService\x64\Debug\link.6376-cvtres.read.1.tlog
C:\Users\Yoann\workspace\Programmation par composants\OptionPricer\MarketDataService\x64\Debug\link.6376-cvtres.write.1.tlog
C:\Users\Yoann\workspace\Programmation par composants\OptionPricer\MarketDataService\x64\Debug\link.7104.read.1.tlog
C:\Users\Yoann\workspace\Programmation par composants\OptionPricer\MarketDataService\x64\Debug\link.7104.write.1.tlog
C:\Users\Yoann\workspace\Programmation par composants\OptionPricer\MarketDataService\x64\Debug\link.7104-cvtres.read.1.tlog
C:\Users\Yoann\workspace\Programmation par composants\OptionPricer\MarketDataService\x64\Debug\link.7104-cvtres.write.1.tlog
C:\Users\Yoann\workspace\Programmation par composants\OptionPricer\MarketDataService\x64\Debug\link.812.read.1.tlog
C:\Users\Yoann\workspace\Programmation par composants\OptionPricer\MarketDataService\x64\Debug\link.812.write.1.tlog
C:\Users\Yoann\workspace\Programmation par composants\OptionPricer\MarketDataService\x64\Debug\link.812-cvtres.read.1.tlog
C:\Users\Yoann\workspace\Programmation par composants\OptionPricer\MarketDataService\x64\Debug\link.812-cvtres.write.1.tlog
C:\Users\Yoann\workspace\Programmation par composants\OptionPricer\MarketDataService\x64\Debug\link.872.read.1.tlog
C:\Users\Yoann\workspace\Programmation par composants\OptionPricer\MarketDataService\x64\Debug\link.872.write.1.tlog
C:\Users\Yoann\workspace\Programmation par composants\OptionPricer\MarketDataService\x64\Debug\link.872-cvtres.read.1.tlog
C:\Users\Yoann\workspace\Programmation par composants\OptionPricer\MarketDataService\x64\Debug\link.872-cvtres.write.1.tlog
C:\Users\Yoann\workspace\Programmation par composants\OptionPricer\MarketDataService\x64\Debug\link.command.1.tlog
C:\Users\Yoann\workspace\Programmation par composants\OptionPricer\MarketDataService\x64\Debug\link.read.1.tlog
C:\Users\Yoann\workspace\Programmation par composants\OptionPricer\MarketDataService\x64\Debug\link.write.1.tlog
C:\Users\Yoann\workspace\Programmation par composants\OptionPricer\MarketDataService\x64\Debug\link-cvtres.read.1.tlog
C:\Users\Yoann\workspace\Programmation par composants\OptionPricer\MarketDataService\x64\Debug\link-cvtres.write.1.tlog
C:\USERS\YOANN\WORKSPACE\PROGRAMMATION PAR COMPOSANTS\OPTIONPRICER\MARKETDATASERVICE\X64\DEBUG\MARKETDATASERVICE.DLL.EMBED.MANIFEST
C:\USERS\YOANN\WORKSPACE\PROGRAMMATION PAR COMPOSANTS\OPTIONPRICER\MARKETDATASERVICE\X64\DEBUG\MARKETDATASERVICE.DLL.EMBED.MANIFEST.RES
C:\USERS\YOANN\WORKSPACE\PROGRAMMATION PAR COMPOSANTS\OPTIONPRICER\MARKETDATASERVICE\X64\DEBUG\MARKETDATASERVICE.DLL.INTERMEDIATE.MANIFEST
C:\USERS\YOANN\WORKSPACE\PROGRAMMATION PAR COMPOSANTS\OPTIONPRICER\MARKETDATASERVICE\X64\DEBUG\MARKETDATASERVICE.OBJ
C:\USERS\YOANN\WORKSPACE\PROGRAMMATION PAR COMPOSANTS\OPTIONPRICER\MARKETDATASERVICE\X64\DEBUG\MARKETDATASERVICE.PCH
C:\Users\Yoann\workspace\Programmation par composants\OptionPricer\MarketDataService\x64\Debug\MarketDataService.vcxprojResolveAssemblyReference.cache
C:\Users\Yoann\workspace\Programmation par composants\OptionPricer\MarketDataService\x64\Debug\MarketDataService.write.1.tlog
C:\Users\Yoann\workspace\Programmation par composants\OptionPricer\MarketDataService\x64\Debug\MarketDataService_manifest.rc
C:\Users\Yoann\workspace\Programmation par composants\OptionPricer\MarketDataService\x64\Debug\mt.command.1.tlog
C:\Users\Yoann\workspace\Programmation par composants\OptionPricer\MarketDataService\x64\Debug\mt.read.1.tlog
C:\Users\Yoann\workspace\Programmation par composants\OptionPricer\MarketDataService\x64\Debug\mt.write.1.tlog
C:\Users\Yoann\workspace\Programmation par composants\OptionPricer\MarketDataService\x64\Debug\rc.command.1.tlog
C:\Users\Yoann\workspace\Programmation par composants\OptionPricer\MarketDataService\x64\Debug\rc.read.1.tlog
C:\Users\Yoann\workspace\Programmation par composants\OptionPricer\MarketDataService\x64\Debug\rc.write.1.tlog
C:\USERS\YOANN\WORKSPACE\PROGRAMMATION PAR COMPOSANTS\OPTIONPRICER\MARKETDATASERVICE\X64\DEBUG\STDAFX.OBJ
C:\Users\Yoann\workspace\Programmation par composants\OptionPricer\MarketDataService\x64\Debug\vc100.idb
C:\USERS\YOANN\WORKSPACE\PROGRAMMATION PAR COMPOSANTS\OPTIONPRICER\MARKETDATASERVICE\X64\DEBUG\VC100.PDB
C:\USERS\YOANN\WORKSPACE\PROGRAMMATION PAR COMPOSANTS\OPTIONPRICER\X64\DEBUG\MARKETDATASERVICE.DLL
C:\Users\Yoann\workspace\Programmation par composants\OptionPricer\x64\Debug\MarketDataService.exp
C:\USERS\YOANN\WORKSPACE\PROGRAMMATION PAR COMPOSANTS\OPTIONPRICER\X64\DEBUG\MARKETDATASERVICE.ILK
C:\Users\Yoann\workspace\Programmation par composants\OptionPricer\x64\Debug\MarketDataService.lib
C:\USERS\YOANN\WORKSPACE\PROGRAMMATION PAR COMPOSANTS\OPTIONPRICER\X64\DEBUG\MARKETDATASERVICE.PDB
